<?xml version="1.0" encoding="UTF-8"?>
<!-- Generated by org.testng.reporters.JUnitXMLReporter -->
<testsuite hostname="DESKTOP-RREPDNT" name="Test" tests="6" failures="0" timestamp="12 Oct 2016 05:32:49 GMT" time="40.728" errors="0">
  <testcase name="loginOpentaps" time="2.053" classname="testcases.TC02_LoginFailure"/>
  <testcase name="loginOpentaps" time="3.793" classname="testcases.TC01_Login"/>
  <testcase name="loginOpentaps" time="1.766" classname="testcases.TC02_LoginFailure"/>
  <testcase name="loginOpentaps" time="3.661" classname="testcases.TC01_Login"/>
  <testcase name="loginOpentaps" time="2.019" classname="testcases.TC02_LoginFailure"/>
  <testcase name="loginOpentaps" time="1.778" classname="testcases.TC02_LoginFailure"/>
</testsuite> <!-- Test -->
