<?xml version="1.0" encoding="UTF-8"?>
<!-- Generated by org.testng.reporters.JUnitXMLReporter -->
<testsuite hostname="DESKTOP-RREPDNT" name="Default test" tests="4" failures="0" timestamp="12 Oct 2016 05:29:23 GMT" time="39.268" errors="0">
  <testcase name="loginOpentaps" time="1.855" classname="testcases.TC02_LoginFailure"/>
  <testcase name="loginOpentaps" time="2.153" classname="testcases.TC02_LoginFailure"/>
  <testcase name="loginOpentaps" time="1.748" classname="testcases.TC02_LoginFailure"/>
  <testcase name="loginOpentaps" time="1.903" classname="testcases.TC02_LoginFailure"/>
</testsuite> <!-- Default test -->
