<?xml version="1.0" encoding="UTF-8"?>
<testng-results skipped="0" failed="0" total="6" passed="6">
  <reporter-output>
  </reporter-output>
  <suite name="Suite" duration-ms="40728" started-at="2016-10-12T05:32:08Z" finished-at="2016-10-12T05:32:49Z">
    <groups>
    </groups>
    <test name="Test" duration-ms="40728" started-at="2016-10-12T05:32:08Z" finished-at="2016-10-12T05:32:49Z">
      <class name="testcases.TC02_LoginFailure">
        <test-method status="PASS" signature="setData()[pri:0, instance:testcases.TC02_LoginFailure@1fee20c]" name="setData" is-config="true" duration-ms="0" started-at="2016-10-12T11:02:08Z" finished-at="2016-10-12T11:02:08Z">
          <reporter-output>
          </reporter-output>
        </test-method> <!-- setData -->
        <test-method status="PASS" signature="beforeMethod()[pri:0, instance:testcases.TC02_LoginFailure@1fee20c]" name="beforeMethod" is-config="true" duration-ms="8673" started-at="2016-10-12T11:02:09Z" finished-at="2016-10-12T11:02:18Z">
          <reporter-output>
          </reporter-output>
        </test-method> <!-- beforeMethod -->
        <test-method status="PASS" signature="loginOpentaps(java.lang.String, java.lang.String, java.lang.String)[pri:0, instance:testcases.TC02_LoginFailure@1fee20c]" name="loginOpentaps" duration-ms="2053" started-at="2016-10-12T11:02:18Z" data-provider="fetchData" finished-at="2016-10-12T11:02:20Z">
          <params>
            <param index="0">
              <value>
                <![CDATA[DemoSalesManager1]]>
              </value>
            </param>
            <param index="1">
              <value>
                <![CDATA[crmsfa]]>
              </value>
            </param>
            <param index="2">
              <value>
                <![CDATA[User not found.]]>
              </value>
            </param>
          </params>
          <reporter-output>
          </reporter-output>
        </test-method> <!-- loginOpentaps -->
        <test-method status="PASS" signature="afterMethod()[pri:0, instance:testcases.TC02_LoginFailure@1fee20c]" name="afterMethod" is-config="true" duration-ms="1018" started-at="2016-10-12T11:02:20Z" finished-at="2016-10-12T11:02:21Z">
          <reporter-output>
          </reporter-output>
        </test-method> <!-- afterMethod -->
        <test-method status="PASS" signature="beforeMethod()[pri:0, instance:testcases.TC02_LoginFailure@1fee20c]" name="beforeMethod" is-config="true" duration-ms="6936" started-at="2016-10-12T11:02:21Z" finished-at="2016-10-12T11:02:28Z">
          <reporter-output>
          </reporter-output>
        </test-method> <!-- beforeMethod -->
        <test-method status="PASS" signature="loginOpentaps(java.lang.String, java.lang.String, java.lang.String)[pri:0, instance:testcases.TC02_LoginFailure@1fee20c]" name="loginOpentaps" duration-ms="1766" started-at="2016-10-12T11:02:28Z" data-provider="fetchData" finished-at="2016-10-12T11:02:29Z">
          <params>
            <param index="0">
              <value>
                <![CDATA[DemoCSR]]>
              </value>
            </param>
            <param index="1">
              <value>
                <![CDATA[crmsfa1]]>
              </value>
            </param>
            <param index="2">
              <value>
                <![CDATA[Password incorrect.]]>
              </value>
            </param>
          </params>
          <reporter-output>
          </reporter-output>
        </test-method> <!-- loginOpentaps -->
        <test-method status="PASS" signature="afterMethod()[pri:0, instance:testcases.TC02_LoginFailure@1fee20c]" name="afterMethod" is-config="true" duration-ms="853" started-at="2016-10-12T11:02:29Z" finished-at="2016-10-12T11:02:30Z">
          <reporter-output>
          </reporter-output>
        </test-method> <!-- afterMethod -->
        <test-method status="PASS" signature="beforeMethod()[pri:0, instance:testcases.TC02_LoginFailure@1fee20c]" name="beforeMethod" is-config="true" duration-ms="6415" started-at="2016-10-12T11:02:30Z" finished-at="2016-10-12T11:02:37Z">
          <reporter-output>
          </reporter-output>
        </test-method> <!-- beforeMethod -->
        <test-method status="PASS" signature="loginOpentaps(java.lang.String, java.lang.String, java.lang.String)[pri:0, instance:testcases.TC02_LoginFailure@1fee20c]" name="loginOpentaps" duration-ms="2019" started-at="2016-10-12T11:02:37Z" data-provider="fetchData" finished-at="2016-10-12T11:02:39Z">
          <params>
            <param index="0">
              <value>
                <![CDATA[]]>
              </value>
            </param>
            <param index="1">
              <value>
                <![CDATA[crmsfa]]>
              </value>
            </param>
            <param index="2">
              <value>
                <![CDATA[username was empty reenter]]>
              </value>
            </param>
          </params>
          <reporter-output>
          </reporter-output>
        </test-method> <!-- loginOpentaps -->
        <test-method status="PASS" signature="afterMethod()[pri:0, instance:testcases.TC02_LoginFailure@1fee20c]" name="afterMethod" is-config="true" duration-ms="821" started-at="2016-10-12T11:02:39Z" finished-at="2016-10-12T11:02:40Z">
          <reporter-output>
          </reporter-output>
        </test-method> <!-- afterMethod -->
        <test-method status="PASS" signature="beforeMethod()[pri:0, instance:testcases.TC02_LoginFailure@1fee20c]" name="beforeMethod" is-config="true" duration-ms="6733" started-at="2016-10-12T11:02:40Z" finished-at="2016-10-12T11:02:46Z">
          <reporter-output>
          </reporter-output>
        </test-method> <!-- beforeMethod -->
        <test-method status="PASS" signature="loginOpentaps(java.lang.String, java.lang.String, java.lang.String)[pri:0, instance:testcases.TC02_LoginFailure@1fee20c]" name="loginOpentaps" duration-ms="1778" started-at="2016-10-12T11:02:46Z" data-provider="fetchData" finished-at="2016-10-12T11:02:48Z">
          <params>
            <param index="0">
              <value>
                <![CDATA[DemoSalesManager]]>
              </value>
            </param>
            <param index="1">
              <value>
                <![CDATA[]]>
              </value>
            </param>
            <param index="2">
              <value>
                <![CDATA[password was empty reenter]]>
              </value>
            </param>
          </params>
          <reporter-output>
          </reporter-output>
        </test-method> <!-- loginOpentaps -->
        <test-method status="PASS" signature="afterMethod()[pri:0, instance:testcases.TC02_LoginFailure@1fee20c]" name="afterMethod" is-config="true" duration-ms="873" started-at="2016-10-12T11:02:48Z" finished-at="2016-10-12T11:02:49Z">
          <reporter-output>
          </reporter-output>
        </test-method> <!-- afterMethod -->
      </class> <!-- testcases.TC02_LoginFailure -->
      <class name="testcases.TC01_Login">
        <test-method status="PASS" signature="beforeSuite()[pri:0, instance:testcases.TC01_Login@616ca2]" name="beforeSuite" is-config="true" duration-ms="162" started-at="2016-10-12T11:02:08Z" finished-at="2016-10-12T11:02:08Z">
          <reporter-output>
          </reporter-output>
        </test-method> <!-- beforeSuite -->
        <test-method status="PASS" signature="beforeTest()[pri:0, instance:testcases.TC01_Login@616ca2]" name="beforeTest" is-config="true" duration-ms="0" started-at="2016-10-12T11:02:08Z" finished-at="2016-10-12T11:02:08Z">
          <reporter-output>
          </reporter-output>
        </test-method> <!-- beforeTest -->
        <test-method status="PASS" signature="setData()[pri:0, instance:testcases.TC01_Login@616ca2]" name="setData" is-config="true" duration-ms="0" started-at="2016-10-12T11:02:08Z" finished-at="2016-10-12T11:02:08Z">
          <reporter-output>
          </reporter-output>
        </test-method> <!-- setData -->
        <test-method status="PASS" signature="beforeMethod()[pri:0, instance:testcases.TC01_Login@616ca2]" name="beforeMethod" is-config="true" duration-ms="8673" started-at="2016-10-12T11:02:09Z" finished-at="2016-10-12T11:02:18Z">
          <reporter-output>
          </reporter-output>
        </test-method> <!-- beforeMethod -->
        <test-method status="PASS" signature="loginOpentaps(java.lang.String, java.lang.String)[pri:0, instance:testcases.TC01_Login@616ca2]" name="loginOpentaps" duration-ms="3793" started-at="2016-10-12T11:02:18Z" data-provider="fetchData" finished-at="2016-10-12T11:02:21Z">
          <params>
            <param index="0">
              <value>
                <![CDATA[DemoSalesManager]]>
              </value>
            </param>
            <param index="1">
              <value>
                <![CDATA[crmsfa]]>
              </value>
            </param>
          </params>
          <reporter-output>
          </reporter-output>
        </test-method> <!-- loginOpentaps -->
        <test-method status="PASS" signature="afterMethod()[pri:0, instance:testcases.TC01_Login@616ca2]" name="afterMethod" is-config="true" duration-ms="1113" started-at="2016-10-12T11:02:21Z" finished-at="2016-10-12T11:02:23Z">
          <reporter-output>
          </reporter-output>
        </test-method> <!-- afterMethod -->
        <test-method status="PASS" signature="beforeMethod()[pri:0, instance:testcases.TC01_Login@616ca2]" name="beforeMethod" is-config="true" duration-ms="6460" started-at="2016-10-12T11:02:23Z" finished-at="2016-10-12T11:02:29Z">
          <reporter-output>
          </reporter-output>
        </test-method> <!-- beforeMethod -->
        <test-method status="PASS" signature="loginOpentaps(java.lang.String, java.lang.String)[pri:0, instance:testcases.TC01_Login@616ca2]" name="loginOpentaps" duration-ms="3661" started-at="2016-10-12T11:02:29Z" data-provider="fetchData" finished-at="2016-10-12T11:02:33Z">
          <params>
            <param index="0">
              <value>
                <![CDATA[DemoCSR]]>
              </value>
            </param>
            <param index="1">
              <value>
                <![CDATA[crmsfa]]>
              </value>
            </param>
          </params>
          <reporter-output>
          </reporter-output>
        </test-method> <!-- loginOpentaps -->
        <test-method status="PASS" signature="afterMethod()[pri:0, instance:testcases.TC01_Login@616ca2]" name="afterMethod" is-config="true" duration-ms="882" started-at="2016-10-12T11:02:33Z" finished-at="2016-10-12T11:02:34Z">
          <reporter-output>
          </reporter-output>
        </test-method> <!-- afterMethod -->
        <test-method status="PASS" signature="afterTest()[pri:0, instance:testcases.TC01_Login@616ca2]" name="afterTest" is-config="true" duration-ms="0" started-at="2016-10-12T11:02:49Z" finished-at="2016-10-12T11:02:49Z">
          <reporter-output>
          </reporter-output>
        </test-method> <!-- afterTest -->
        <test-method status="PASS" signature="afterSuite()[pri:0, instance:testcases.TC01_Login@616ca2]" name="afterSuite" is-config="true" duration-ms="363" started-at="2016-10-12T11:02:49Z" finished-at="2016-10-12T11:02:49Z">
          <reporter-output>
          </reporter-output>
        </test-method> <!-- afterSuite -->
      </class> <!-- testcases.TC01_Login -->
    </test> <!-- Test -->
  </suite> <!-- Suite -->
</testng-results>
